  PA9.cpp
C:\Users\zapien\Downloads\CompletePA9\SMLFProjectpa9 - Copy (9)\SMLFProjectpa9 - Copy (9)\SMLFProjectpa9\PA9.cpp(82,91): warning C4244: 'argument': conversion from 'double' to 'float', possible loss of data
C:\Users\zapien\Downloads\CompletePA9\SMLFProjectpa9 - Copy (9)\SMLFProjectpa9 - Copy (9)\SMLFProjectpa9\PA9.cpp(82,46): warning C4244: 'argument': conversion from 'double' to 'float', possible loss of data
C:\Users\zapien\Downloads\CompletePA9\SMLFProjectpa9 - Copy (9)\SMLFProjectpa9 - Copy (9)\SMLFProjectpa9\PA9.cpp(83,35): warning C4244: 'argument': conversion from 'int' to 'float', possible loss of data
C:\Users\zapien\Downloads\CompletePA9\SMLFProjectpa9 - Copy (9)\SMLFProjectpa9 - Copy (9)\SMLFProjectpa9\PA9.cpp(99,60): warning C4244: 'argument': conversion from 'T' to 'T', possible loss of data
C:\Users\zapien\Downloads\CompletePA9\SMLFProjectpa9 - Copy (9)\SMLFProjectpa9 - Copy (9)\SMLFProjectpa9\PA9.cpp(99,60): warning C4244:         with
C:\Users\zapien\Downloads\CompletePA9\SMLFProjectpa9 - Copy (9)\SMLFProjectpa9 - Copy (9)\SMLFProjectpa9\PA9.cpp(99,60): warning C4244:         [
C:\Users\zapien\Downloads\CompletePA9\SMLFProjectpa9 - Copy (9)\SMLFProjectpa9 - Copy (9)\SMLFProjectpa9\PA9.cpp(99,60): warning C4244:             T=int
C:\Users\zapien\Downloads\CompletePA9\SMLFProjectpa9 - Copy (9)\SMLFProjectpa9 - Copy (9)\SMLFProjectpa9\PA9.cpp(99,60): warning C4244:         ]
C:\Users\zapien\Downloads\CompletePA9\SMLFProjectpa9 - Copy (9)\SMLFProjectpa9 - Copy (9)\SMLFProjectpa9\PA9.cpp(99,60): warning C4244:         and
C:\Users\zapien\Downloads\CompletePA9\SMLFProjectpa9 - Copy (9)\SMLFProjectpa9 - Copy (9)\SMLFProjectpa9\PA9.cpp(99,60): warning C4244:         [
C:\Users\zapien\Downloads\CompletePA9\SMLFProjectpa9 - Copy (9)\SMLFProjectpa9 - Copy (9)\SMLFProjectpa9\PA9.cpp(99,60): warning C4244:             T=float
C:\Users\zapien\Downloads\CompletePA9\SMLFProjectpa9 - Copy (9)\SMLFProjectpa9 - Copy (9)\SMLFProjectpa9\PA9.cpp(99,60): warning C4244:         ]
C:\Users\zapien\Downloads\CompletePA9\SMLFProjectpa9 - Copy (9)\SMLFProjectpa9 - Copy (9)\SMLFProjectpa9\PA9.cpp(99,41): warning C4244: 'argument': conversion from 'T' to 'T', possible loss of data
C:\Users\zapien\Downloads\CompletePA9\SMLFProjectpa9 - Copy (9)\SMLFProjectpa9 - Copy (9)\SMLFProjectpa9\PA9.cpp(99,41): warning C4244:         with
C:\Users\zapien\Downloads\CompletePA9\SMLFProjectpa9 - Copy (9)\SMLFProjectpa9 - Copy (9)\SMLFProjectpa9\PA9.cpp(99,41): warning C4244:         [
C:\Users\zapien\Downloads\CompletePA9\SMLFProjectpa9 - Copy (9)\SMLFProjectpa9 - Copy (9)\SMLFProjectpa9\PA9.cpp(99,41): warning C4244:             T=int
C:\Users\zapien\Downloads\CompletePA9\SMLFProjectpa9 - Copy (9)\SMLFProjectpa9 - Copy (9)\SMLFProjectpa9\PA9.cpp(99,41): warning C4244:         ]
C:\Users\zapien\Downloads\CompletePA9\SMLFProjectpa9 - Copy (9)\SMLFProjectpa9 - Copy (9)\SMLFProjectpa9\PA9.cpp(99,41): warning C4244:         and
C:\Users\zapien\Downloads\CompletePA9\SMLFProjectpa9 - Copy (9)\SMLFProjectpa9 - Copy (9)\SMLFProjectpa9\PA9.cpp(99,41): warning C4244:         [
C:\Users\zapien\Downloads\CompletePA9\SMLFProjectpa9 - Copy (9)\SMLFProjectpa9 - Copy (9)\SMLFProjectpa9\PA9.cpp(99,41): warning C4244:             T=float
C:\Users\zapien\Downloads\CompletePA9\SMLFProjectpa9 - Copy (9)\SMLFProjectpa9 - Copy (9)\SMLFProjectpa9\PA9.cpp(99,41): warning C4244:         ]
C:\Users\zapien\Downloads\CompletePA9\SMLFProjectpa9 - Copy (9)\SMLFProjectpa9 - Copy (9)\SMLFProjectpa9\PA9.cpp(137,36): warning C4244: 'argument': conversion from 'int' to 'float', possible loss of data
C:\Users\zapien\Downloads\CompletePA9\SMLFProjectpa9 - Copy (9)\SMLFProjectpa9 - Copy (9)\SMLFProjectpa9\PA9.cpp(140,36): warning C4244: 'argument': conversion from 'int' to 'float', possible loss of data
C:\Users\zapien\Downloads\CompletePA9\SMLFProjectpa9 - Copy (9)\SMLFProjectpa9 - Copy (9)\SMLFProjectpa9\PA9.cpp(281,29): warning C4244: 'argument': conversion from 'int' to 'float', possible loss of data
C:\Users\zapien\Downloads\CompletePA9\SMLFProjectpa9 - Copy (9)\SMLFProjectpa9 - Copy (9)\SMLFProjectpa9\PA9.cpp(329,12): warning C4244: 'argument': conversion from 'time_t' to 'unsigned int', possible loss of data
C:\Users\zapien\Downloads\CompletePA9\SMLFProjectpa9 - Copy (9)\SMLFProjectpa9 - Copy (9)\SMLFProjectpa9\PA9.cpp(360,27): warning C4244: 'argument': conversion from 'int' to 'float', possible loss of data
C:\Users\zapien\Downloads\CompletePA9\SMLFProjectpa9 - Copy (9)\SMLFProjectpa9 - Copy (9)\SMLFProjectpa9\PA9.cpp(380,60): warning C4244: 'argument': conversion from 'T' to 'T', possible loss of data
C:\Users\zapien\Downloads\CompletePA9\SMLFProjectpa9 - Copy (9)\SMLFProjectpa9 - Copy (9)\SMLFProjectpa9\PA9.cpp(380,60): warning C4244:         with
C:\Users\zapien\Downloads\CompletePA9\SMLFProjectpa9 - Copy (9)\SMLFProjectpa9 - Copy (9)\SMLFProjectpa9\PA9.cpp(380,60): warning C4244:         [
C:\Users\zapien\Downloads\CompletePA9\SMLFProjectpa9 - Copy (9)\SMLFProjectpa9 - Copy (9)\SMLFProjectpa9\PA9.cpp(380,60): warning C4244:             T=int
C:\Users\zapien\Downloads\CompletePA9\SMLFProjectpa9 - Copy (9)\SMLFProjectpa9 - Copy (9)\SMLFProjectpa9\PA9.cpp(380,60): warning C4244:         ]
C:\Users\zapien\Downloads\CompletePA9\SMLFProjectpa9 - Copy (9)\SMLFProjectpa9 - Copy (9)\SMLFProjectpa9\PA9.cpp(380,60): warning C4244:         and
C:\Users\zapien\Downloads\CompletePA9\SMLFProjectpa9 - Copy (9)\SMLFProjectpa9 - Copy (9)\SMLFProjectpa9\PA9.cpp(380,60): warning C4244:         [
C:\Users\zapien\Downloads\CompletePA9\SMLFProjectpa9 - Copy (9)\SMLFProjectpa9 - Copy (9)\SMLFProjectpa9\PA9.cpp(380,60): warning C4244:             T=float
C:\Users\zapien\Downloads\CompletePA9\SMLFProjectpa9 - Copy (9)\SMLFProjectpa9 - Copy (9)\SMLFProjectpa9\PA9.cpp(380,60): warning C4244:         ]
C:\Users\zapien\Downloads\CompletePA9\SMLFProjectpa9 - Copy (9)\SMLFProjectpa9 - Copy (9)\SMLFProjectpa9\PA9.cpp(380,43): warning C4244: 'argument': conversion from 'T' to 'T', possible loss of data
C:\Users\zapien\Downloads\CompletePA9\SMLFProjectpa9 - Copy (9)\SMLFProjectpa9 - Copy (9)\SMLFProjectpa9\PA9.cpp(380,43): warning C4244:         with
C:\Users\zapien\Downloads\CompletePA9\SMLFProjectpa9 - Copy (9)\SMLFProjectpa9 - Copy (9)\SMLFProjectpa9\PA9.cpp(380,43): warning C4244:         [
C:\Users\zapien\Downloads\CompletePA9\SMLFProjectpa9 - Copy (9)\SMLFProjectpa9 - Copy (9)\SMLFProjectpa9\PA9.cpp(380,43): warning C4244:             T=int
C:\Users\zapien\Downloads\CompletePA9\SMLFProjectpa9 - Copy (9)\SMLFProjectpa9 - Copy (9)\SMLFProjectpa9\PA9.cpp(380,43): warning C4244:         ]
C:\Users\zapien\Downloads\CompletePA9\SMLFProjectpa9 - Copy (9)\SMLFProjectpa9 - Copy (9)\SMLFProjectpa9\PA9.cpp(380,43): warning C4244:         and
C:\Users\zapien\Downloads\CompletePA9\SMLFProjectpa9 - Copy (9)\SMLFProjectpa9 - Copy (9)\SMLFProjectpa9\PA9.cpp(380,43): warning C4244:         [
C:\Users\zapien\Downloads\CompletePA9\SMLFProjectpa9 - Copy (9)\SMLFProjectpa9 - Copy (9)\SMLFProjectpa9\PA9.cpp(380,43): warning C4244:             T=float
C:\Users\zapien\Downloads\CompletePA9\SMLFProjectpa9 - Copy (9)\SMLFProjectpa9 - Copy (9)\SMLFProjectpa9\PA9.cpp(380,43): warning C4244:         ]
  SMLFProjectpa9.vcxproj -> C:\Users\zapien\Downloads\CompletePA9\SMLFProjectpa9 - Copy (9)\SMLFProjectpa9 - Copy (9)\x64\Debug\SMLFProjectpa9.exe
